{"/Users/vijayreddy/Documents/projects/freelance/fuel-app/rocky/fuel-app-backend/helper.js": {"path":"/Users/vijayreddy/Documents/projects/freelance/fuel-app/rocky/fuel-app-backend/helper.js","statementMap":{"0":{"start":{"line":1,"column":12},"end":{"line":1,"column":35}},"1":{"start":{"line":2,"column":19},"end":{"line":2,"column":37}},"2":{"start":{"line":4,"column":0},"end":{"line":8,"column":2}},"3":{"start":{"line":5,"column":1},"end":{"line":7,"column":4}},"4":{"start":{"line":10,"column":0},"end":{"line":24,"column":2}},"5":{"start":{"line":11,"column":1},"end":{"line":11,"column":47}},"6":{"start":{"line":12,"column":4},"end":{"line":12,"column":46}},"7":{"start":{"line":13,"column":1},"end":{"line":13,"column":83}},"8":{"start":{"line":13,"column":18},"end":{"line":13,"column":83}},"9":{"start":{"line":14,"column":1},"end":{"line":23,"column":4}},"10":{"start":{"line":15,"column":2},"end":{"line":18,"column":3}},"11":{"start":{"line":16,"column":3},"end":{"line":16,"column":111}},"12":{"start":{"line":16,"column":41},"end":{"line":16,"column":111}},"13":{"start":{"line":17,"column":3},"end":{"line":17,"column":73}},"14":{"start":{"line":19,"column":2},"end":{"line":19,"column":21}},"15":{"start":{"line":20,"column":2},"end":{"line":20,"column":21}},"16":{"start":{"line":21,"column":2},"end":{"line":21,"column":28}},"17":{"start":{"line":22,"column":2},"end":{"line":22,"column":9}},"18":{"start":{"line":26,"column":0},"end":{"line":40,"column":2}},"19":{"start":{"line":27,"column":1},"end":{"line":27,"column":38}},"20":{"start":{"line":28,"column":1},"end":{"line":28,"column":26}},"21":{"start":{"line":29,"column":1},"end":{"line":29,"column":15}},"22":{"start":{"line":30,"column":1},"end":{"line":30,"column":54}},"23":{"start":{"line":31,"column":1},"end":{"line":31,"column":17}},"24":{"start":{"line":32,"column":1},"end":{"line":32,"column":61}},"25":{"start":{"line":32,"column":30},"end":{"line":32,"column":61}},"26":{"start":{"line":33,"column":15},"end":{"line":36,"column":2}},"27":{"start":{"line":37,"column":1},"end":{"line":37,"column":21}},"28":{"start":{"line":38,"column":1},"end":{"line":38,"column":19}},"29":{"start":{"line":39,"column":1},"end":{"line":39,"column":11}},"30":{"start":{"line":42,"column":0},"end":{"line":52,"column":2}},"31":{"start":{"line":43,"column":1},"end":{"line":43,"column":26}},"32":{"start":{"line":44,"column":1},"end":{"line":44,"column":39}},"33":{"start":{"line":45,"column":15},"end":{"line":48,"column":2}},"34":{"start":{"line":49,"column":1},"end":{"line":49,"column":21}},"35":{"start":{"line":50,"column":1},"end":{"line":50,"column":19}},"36":{"start":{"line":51,"column":1},"end":{"line":51,"column":11}},"37":{"start":{"line":54,"column":0},"end":{"line":59,"column":1}}},"fnMap":{"0":{"name":"(anonymous_0)","decl":{"start":{"line":4,"column":9},"end":{"line":4,"column":10}},"loc":{"start":{"line":4,"column":40},"end":{"line":8,"column":1}},"line":4},"1":{"name":"(anonymous_1)","decl":{"start":{"line":10,"column":12},"end":{"line":10,"column":13}},"loc":{"start":{"line":10,"column":32},"end":{"line":24,"column":1}},"line":10},"2":{"name":"(anonymous_2)","decl":{"start":{"line":14,"column":36},"end":{"line":14,"column":37}},"loc":{"start":{"line":14,"column":51},"end":{"line":23,"column":2}},"line":14},"3":{"name":"(anonymous_3)","decl":{"start":{"line":26,"column":12},"end":{"line":26,"column":13}},"loc":{"start":{"line":26,"column":35},"end":{"line":40,"column":1}},"line":26},"4":{"name":"(anonymous_4)","decl":{"start":{"line":42,"column":14},"end":{"line":42,"column":15}},"loc":{"start":{"line":42,"column":38},"end":{"line":52,"column":1}},"line":42}},"branchMap":{"0":{"loc":{"start":{"line":4,"column":16},"end":{"line":4,"column":35}},"type":"default-arg","locations":[{"start":{"line":4,"column":25},"end":{"line":4,"column":35}}],"line":4},"1":{"loc":{"start":{"line":12,"column":17},"end":{"line":12,"column":45}},"type":"binary-expr","locations":[{"start":{"line":12,"column":17},"end":{"line":12,"column":39}},{"start":{"line":12,"column":43},"end":{"line":12,"column":45}}],"line":12},"2":{"loc":{"start":{"line":13,"column":1},"end":{"line":13,"column":83}},"type":"if","locations":[{"start":{"line":13,"column":1},"end":{"line":13,"column":83}},{"start":{},"end":{}}],"line":13},"3":{"loc":{"start":{"line":15,"column":2},"end":{"line":18,"column":3}},"type":"if","locations":[{"start":{"line":15,"column":2},"end":{"line":18,"column":3}},{"start":{},"end":{}}],"line":15},"4":{"loc":{"start":{"line":16,"column":3},"end":{"line":16,"column":111}},"type":"if","locations":[{"start":{"line":16,"column":3},"end":{"line":16,"column":111}},{"start":{},"end":{}}],"line":16},"5":{"loc":{"start":{"line":27,"column":7},"end":{"line":27,"column":37}},"type":"binary-expr","locations":[{"start":{"line":27,"column":7},"end":{"line":27,"column":10}},{"start":{"line":27,"column":14},"end":{"line":27,"column":37}}],"line":27},"6":{"loc":{"start":{"line":28,"column":11},"end":{"line":28,"column":25}},"type":"binary-expr","locations":[{"start":{"line":28,"column":11},"end":{"line":28,"column":18}},{"start":{"line":28,"column":22},"end":{"line":28,"column":25}}],"line":28},"7":{"loc":{"start":{"line":30,"column":23},"end":{"line":30,"column":37}},"type":"binary-expr","locations":[{"start":{"line":30,"column":23},"end":{"line":30,"column":30}},{"start":{"line":30,"column":34},"end":{"line":30,"column":37}}],"line":30},"8":{"loc":{"start":{"line":32,"column":1},"end":{"line":32,"column":61}},"type":"if","locations":[{"start":{"line":32,"column":1},"end":{"line":32,"column":61}},{"start":{},"end":{}}],"line":32},"9":{"loc":{"start":{"line":43,"column":11},"end":{"line":43,"column":25}},"type":"binary-expr","locations":[{"start":{"line":43,"column":11},"end":{"line":43,"column":18}},{"start":{"line":43,"column":22},"end":{"line":43,"column":25}}],"line":43},"10":{"loc":{"start":{"line":44,"column":8},"end":{"line":44,"column":38}},"type":"cond-expr","locations":[{"start":{"line":44,"column":29},"end":{"line":44,"column":31}},{"start":{"line":44,"column":34},"end":{"line":44,"column":38}}],"line":44}},"s":{"0":1,"1":1,"2":1,"3":1,"4":1,"5":6,"6":6,"7":6,"8":0,"9":6,"10":6,"11":0,"12":0,"13":0,"14":6,"15":6,"16":6,"17":6,"18":1,"19":0,"20":0,"21":0,"22":0,"23":0,"24":0,"25":0,"26":0,"27":0,"28":0,"29":0,"30":1,"31":8,"32":8,"33":8,"34":8,"35":8,"36":8,"37":1},"f":{"0":1,"1":6,"2":6,"3":0,"4":8},"b":{"0":[1],"1":[6,0],"2":[0,6],"3":[0,6],"4":[0,0],"5":[0,0],"6":[0,0],"7":[0,0],"8":[0,0],"9":[8,8],"10":[0,8]},"_coverageSchema":"1a1c01bbd47fc00a2c39e90264f33305004495a9","hash":"965531ec1f7ca86007f22074fe35a25a330258d4"}
,"/Users/vijayreddy/Documents/projects/freelance/fuel-app/rocky/fuel-app-backend/index.js": {"path":"/Users/vijayreddy/Documents/projects/freelance/fuel-app/rocky/fuel-app-backend/index.js","statementMap":{"0":{"start":{"line":1,"column":16},"end":{"line":1,"column":34}},"1":{"start":{"line":2,"column":19},"end":{"line":2,"column":41}},"2":{"start":{"line":3,"column":15},"end":{"line":3,"column":32}},"3":{"start":{"line":4,"column":14},"end":{"line":4,"column":29}},"4":{"start":{"line":5,"column":15},"end":{"line":5,"column":34}},"5":{"start":{"line":6,"column":12},"end":{"line":6,"column":21}},"6":{"start":{"line":7,"column":13},"end":{"line":7,"column":17}},"7":{"start":{"line":9,"column":0},"end":{"line":9,"column":51}},"8":{"start":{"line":10,"column":0},"end":{"line":10,"column":26}},"9":{"start":{"line":11,"column":0},"end":{"line":11,"column":28}},"10":{"start":{"line":12,"column":0},"end":{"line":12,"column":16}},"11":{"start":{"line":15,"column":0},"end":{"line":15,"column":38}},"12":{"start":{"line":16,"column":0},"end":{"line":16,"column":66}},"13":{"start":{"line":17,"column":0},"end":{"line":17,"column":62}},"14":{"start":{"line":20,"column":0},"end":{"line":22,"column":3}},"15":{"start":{"line":21,"column":1},"end":{"line":21,"column":58}},"16":{"start":{"line":24,"column":0},"end":{"line":27,"column":3}},"17":{"start":{"line":25,"column":1},"end":{"line":26,"column":73}},"18":{"start":{"line":25,"column":33},"end":{"line":25,"column":88}},"19":{"start":{"line":26,"column":6},"end":{"line":26,"column":73}},"20":{"start":{"line":29,"column":15},"end":{"line":31,"column":2}},"21":{"start":{"line":30,"column":4},"end":{"line":30,"column":45}},"22":{"start":{"line":33,"column":0},"end":{"line":33,"column":33}}},"fnMap":{"0":{"name":"(anonymous_0)","decl":{"start":{"line":20,"column":8},"end":{"line":20,"column":9}},"loc":{"start":{"line":20,"column":22},"end":{"line":22,"column":1}},"line":20},"1":{"name":"(anonymous_1)","decl":{"start":{"line":24,"column":8},"end":{"line":24,"column":9}},"loc":{"start":{"line":24,"column":33},"end":{"line":27,"column":1}},"line":24},"2":{"name":"(anonymous_2)","decl":{"start":{"line":29,"column":31},"end":{"line":29,"column":32}},"loc":{"start":{"line":29,"column":40},"end":{"line":31,"column":1}},"line":29}},"branchMap":{"0":{"loc":{"start":{"line":25,"column":1},"end":{"line":26,"column":73}},"type":"if","locations":[{"start":{"line":25,"column":1},"end":{"line":26,"column":73}},{"start":{"line":26,"column":6},"end":{"line":26,"column":73}}],"line":25},"1":{"loc":{"start":{"line":26,"column":35},"end":{"line":26,"column":57}},"type":"binary-expr","locations":[{"start":{"line":26,"column":35},"end":{"line":26,"column":50}},{"start":{"line":26,"column":54},"end":{"line":26,"column":57}}],"line":26}},"s":{"0":1,"1":1,"2":1,"3":1,"4":1,"5":1,"6":1,"7":1,"8":1,"9":1,"10":1,"11":1,"12":1,"13":1,"14":1,"15":0,"16":1,"17":0,"18":0,"19":0,"20":1,"21":1,"22":1},"f":{"0":0,"1":0,"2":1},"b":{"0":[0,0],"1":[0,0]},"_coverageSchema":"1a1c01bbd47fc00a2c39e90264f33305004495a9","hash":"201697d863e2993355e008e9d9687c10b2b8c73c"}
,"/Users/vijayreddy/Documents/projects/freelance/fuel-app/rocky/fuel-app-backend/users.js": {"path":"/Users/vijayreddy/Documents/projects/freelance/fuel-app/rocky/fuel-app-backend/users.js","statementMap":{"0":{"start":{"line":1,"column":12},"end":{"line":1,"column":14}},"1":{"start":{"line":2,"column":0},"end":{"line":2,"column":27}}},"fnMap":{},"branchMap":{},"s":{"0":1,"1":1},"f":{},"b":{},"_coverageSchema":"1a1c01bbd47fc00a2c39e90264f33305004495a9","hash":"072730e504cf84dad974717f3af9d8649b65ceb1"}
,"/Users/vijayreddy/Documents/projects/freelance/fuel-app/rocky/fuel-app-backend/routes/auth.js": {"path":"/Users/vijayreddy/Documents/projects/freelance/fuel-app/rocky/fuel-app-backend/routes/auth.js","statementMap":{"0":{"start":{"line":1,"column":16},"end":{"line":1,"column":34}},"1":{"start":{"line":2,"column":15},"end":{"line":2,"column":32}},"2":{"start":{"line":3,"column":15},"end":{"line":3,"column":31}},"3":{"start":{"line":4,"column":15},"end":{"line":4,"column":35}},"4":{"start":{"line":5,"column":18},"end":{"line":5,"column":37}},"5":{"start":{"line":7,"column":0},"end":{"line":22,"column":3}},"6":{"start":{"line":8,"column":4},"end":{"line":21,"column":5}},"7":{"start":{"line":9,"column":34},"end":{"line":9,"column":42}},"8":{"start":{"line":10,"column":8},"end":{"line":10,"column":28}},"9":{"start":{"line":11,"column":8},"end":{"line":12,"column":96}},"10":{"start":{"line":12,"column":12},"end":{"line":12,"column":96}},"11":{"start":{"line":13,"column":21},"end":{"line":13,"column":45}},"12":{"start":{"line":14,"column":8},"end":{"line":14,"column":53}},"13":{"start":{"line":15,"column":8},"end":{"line":15,"column":52}},"14":{"start":{"line":16,"column":8},"end":{"line":16,"column":58}},"15":{"start":{"line":20,"column":8},"end":{"line":20,"column":17}},"16":{"start":{"line":24,"column":0},"end":{"line":43,"column":3}},"17":{"start":{"line":25,"column":4},"end":{"line":42,"column":5}},"18":{"start":{"line":26,"column":36},"end":{"line":26,"column":44}},"19":{"start":{"line":27,"column":8},"end":{"line":28,"column":80}},"20":{"start":{"line":28,"column":12},"end":{"line":28,"column":80}},"21":{"start":{"line":29,"column":8},"end":{"line":29,"column":28}},"22":{"start":{"line":30,"column":8},"end":{"line":31,"column":84}},"23":{"start":{"line":31,"column":12},"end":{"line":31,"column":84}},"24":{"start":{"line":32,"column":30},"end":{"line":32,"column":75}},"25":{"start":{"line":33,"column":8},"end":{"line":36,"column":9}},"26":{"start":{"line":34,"column":12},"end":{"line":34,"column":47}},"27":{"start":{"line":35,"column":12},"end":{"line":35,"column":47}},"28":{"start":{"line":37,"column":8},"end":{"line":37,"column":69}},"29":{"start":{"line":41,"column":8},"end":{"line":41,"column":17}},"30":{"start":{"line":45,"column":0},"end":{"line":45,"column":24}}},"fnMap":{"0":{"name":"(anonymous_0)","decl":{"start":{"line":7,"column":25},"end":{"line":7,"column":26}},"loc":{"start":{"line":7,"column":51},"end":{"line":22,"column":1}},"line":7},"1":{"name":"(anonymous_1)","decl":{"start":{"line":24,"column":22},"end":{"line":24,"column":23}},"loc":{"start":{"line":24,"column":48},"end":{"line":43,"column":1}},"line":24}},"branchMap":{"0":{"loc":{"start":{"line":11,"column":8},"end":{"line":12,"column":96}},"type":"if","locations":[{"start":{"line":11,"column":8},"end":{"line":12,"column":96}},{"start":{},"end":{}}],"line":11},"1":{"loc":{"start":{"line":27,"column":8},"end":{"line":28,"column":80}},"type":"if","locations":[{"start":{"line":27,"column":8},"end":{"line":28,"column":80}},{"start":{},"end":{}}],"line":27},"2":{"loc":{"start":{"line":30,"column":8},"end":{"line":31,"column":84}},"type":"if","locations":[{"start":{"line":30,"column":8},"end":{"line":31,"column":84}},{"start":{},"end":{}}],"line":30},"3":{"loc":{"start":{"line":33,"column":8},"end":{"line":36,"column":9}},"type":"if","locations":[{"start":{"line":33,"column":8},"end":{"line":36,"column":9}},{"start":{},"end":{}}],"line":33}},"s":{"0":1,"1":1,"2":1,"3":1,"4":1,"5":1,"6":1,"7":1,"8":1,"9":1,"10":0,"11":1,"12":1,"13":1,"14":1,"15":0,"16":1,"17":1,"18":1,"19":1,"20":0,"21":1,"22":1,"23":0,"24":1,"25":1,"26":1,"27":1,"28":0,"29":0,"30":1},"f":{"0":1,"1":1},"b":{"0":[0,1],"1":[0,1],"2":[0,1],"3":[1,0]},"_coverageSchema":"1a1c01bbd47fc00a2c39e90264f33305004495a9","hash":"d21be9c3e3c13ceea99f42e8f357e35eeb443c4d"}
,"/Users/vijayreddy/Documents/projects/freelance/fuel-app/rocky/fuel-app-backend/routes/profile.js": {"path":"/Users/vijayreddy/Documents/projects/freelance/fuel-app/rocky/fuel-app-backend/routes/profile.js","statementMap":{"0":{"start":{"line":1,"column":15},"end":{"line":1,"column":42}},"1":{"start":{"line":2,"column":15},"end":{"line":2,"column":35}},"2":{"start":{"line":3,"column":16},"end":{"line":3,"column":35}},"3":{"start":{"line":5,"column":0},"end":{"line":13,"column":2}},"4":{"start":{"line":6,"column":17},"end":{"line":6,"column":33}},"5":{"start":{"line":7,"column":4},"end":{"line":12,"column":5}},"6":{"start":{"line":8,"column":8},"end":{"line":8,"column":37}},"7":{"start":{"line":11,"column":8},"end":{"line":11,"column":18}},"8":{"start":{"line":15,"column":0},"end":{"line":49,"column":2}},"9":{"start":{"line":16,"column":4},"end":{"line":48,"column":5}},"10":{"start":{"line":18,"column":22},"end":{"line":18,"column":31}},"11":{"start":{"line":26,"column":12},"end":{"line":26,"column":20}},"12":{"start":{"line":28,"column":8},"end":{"line":29,"column":75}},"13":{"start":{"line":29,"column":12},"end":{"line":29,"column":75}},"14":{"start":{"line":31,"column":8},"end":{"line":32,"column":66}},"15":{"start":{"line":32,"column":12},"end":{"line":32,"column":66}},"16":{"start":{"line":34,"column":8},"end":{"line":42,"column":9}},"17":{"start":{"line":44,"column":8},"end":{"line":44,"column":46}},"18":{"start":{"line":47,"column":8},"end":{"line":47,"column":18}},"19":{"start":{"line":51,"column":0},"end":{"line":85,"column":2}},"20":{"start":{"line":52,"column":4},"end":{"line":84,"column":5}},"21":{"start":{"line":54,"column":22},"end":{"line":54,"column":31}},"22":{"start":{"line":62,"column":12},"end":{"line":62,"column":20}},"23":{"start":{"line":63,"column":22},"end":{"line":63,"column":34}},"24":{"start":{"line":65,"column":8},"end":{"line":66,"column":40}},"25":{"start":{"line":66,"column":12},"end":{"line":66,"column":40}},"26":{"start":{"line":67,"column":8},"end":{"line":68,"column":40}},"27":{"start":{"line":68,"column":12},"end":{"line":68,"column":40}},"28":{"start":{"line":69,"column":8},"end":{"line":70,"column":40}},"29":{"start":{"line":70,"column":12},"end":{"line":70,"column":40}},"30":{"start":{"line":71,"column":8},"end":{"line":72,"column":32}},"31":{"start":{"line":72,"column":12},"end":{"line":72,"column":32}},"32":{"start":{"line":73,"column":8},"end":{"line":74,"column":34}},"33":{"start":{"line":74,"column":12},"end":{"line":74,"column":34}},"34":{"start":{"line":75,"column":8},"end":{"line":79,"column":9}},"35":{"start":{"line":76,"column":12},"end":{"line":77,"column":71}},"36":{"start":{"line":77,"column":16},"end":{"line":77,"column":71}},"37":{"start":{"line":78,"column":12},"end":{"line":78,"column":38}},"38":{"start":{"line":80,"column":8},"end":{"line":80,"column":40}},"39":{"start":{"line":83,"column":8},"end":{"line":83,"column":18}},"40":{"start":{"line":87,"column":0},"end":{"line":87,"column":24}}},"fnMap":{"0":{"name":"(anonymous_0)","decl":{"start":{"line":5,"column":16},"end":{"line":5,"column":17}},"loc":{"start":{"line":5,"column":36},"end":{"line":13,"column":1}},"line":5},"1":{"name":"(anonymous_1)","decl":{"start":{"line":15,"column":17},"end":{"line":15,"column":18}},"loc":{"start":{"line":15,"column":37},"end":{"line":49,"column":1}},"line":15},"2":{"name":"(anonymous_2)","decl":{"start":{"line":51,"column":18},"end":{"line":51,"column":19}},"loc":{"start":{"line":51,"column":38},"end":{"line":85,"column":1}},"line":51}},"branchMap":{"0":{"loc":{"start":{"line":28,"column":8},"end":{"line":29,"column":75}},"type":"if","locations":[{"start":{"line":28,"column":8},"end":{"line":29,"column":75}},{"start":{},"end":{}}],"line":28},"1":{"loc":{"start":{"line":28,"column":14},"end":{"line":28,"column":62}},"type":"binary-expr","locations":[{"start":{"line":28,"column":14},"end":{"line":28,"column":22}},{"start":{"line":28,"column":26},"end":{"line":28,"column":34}},{"start":{"line":28,"column":38},"end":{"line":28,"column":42}},{"start":{"line":28,"column":46},"end":{"line":28,"column":51}},{"start":{"line":28,"column":55},"end":{"line":28,"column":62}}],"line":28},"2":{"loc":{"start":{"line":31,"column":8},"end":{"line":32,"column":66}},"type":"if","locations":[{"start":{"line":31,"column":8},"end":{"line":32,"column":66}},{"start":{},"end":{}}],"line":31},"3":{"loc":{"start":{"line":65,"column":8},"end":{"line":66,"column":40}},"type":"if","locations":[{"start":{"line":65,"column":8},"end":{"line":66,"column":40}},{"start":{},"end":{}}],"line":65},"4":{"loc":{"start":{"line":67,"column":8},"end":{"line":68,"column":40}},"type":"if","locations":[{"start":{"line":67,"column":8},"end":{"line":68,"column":40}},{"start":{},"end":{}}],"line":67},"5":{"loc":{"start":{"line":69,"column":8},"end":{"line":70,"column":40}},"type":"if","locations":[{"start":{"line":69,"column":8},"end":{"line":70,"column":40}},{"start":{},"end":{}}],"line":69},"6":{"loc":{"start":{"line":71,"column":8},"end":{"line":72,"column":32}},"type":"if","locations":[{"start":{"line":71,"column":8},"end":{"line":72,"column":32}},{"start":{},"end":{}}],"line":71},"7":{"loc":{"start":{"line":73,"column":8},"end":{"line":74,"column":34}},"type":"if","locations":[{"start":{"line":73,"column":8},"end":{"line":74,"column":34}},{"start":{},"end":{}}],"line":73},"8":{"loc":{"start":{"line":75,"column":8},"end":{"line":79,"column":9}},"type":"if","locations":[{"start":{"line":75,"column":8},"end":{"line":79,"column":9}},{"start":{},"end":{}}],"line":75},"9":{"loc":{"start":{"line":76,"column":12},"end":{"line":77,"column":71}},"type":"if","locations":[{"start":{"line":76,"column":12},"end":{"line":77,"column":71}},{"start":{},"end":{}}],"line":76}},"s":{"0":1,"1":1,"2":1,"3":1,"4":1,"5":1,"6":1,"7":0,"8":1,"9":1,"10":1,"11":1,"12":1,"13":0,"14":1,"15":0,"16":1,"17":1,"18":0,"19":1,"20":1,"21":1,"22":1,"23":1,"24":1,"25":1,"26":1,"27":0,"28":1,"29":0,"30":1,"31":0,"32":1,"33":0,"34":1,"35":1,"36":0,"37":1,"38":1,"39":0,"40":1},"f":{"0":1,"1":1,"2":1},"b":{"0":[0,1],"1":[1,1,1,1,1],"2":[0,1],"3":[1,0],"4":[0,1],"5":[0,1],"6":[0,1],"7":[0,1],"8":[1,0],"9":[0,1]},"_coverageSchema":"1a1c01bbd47fc00a2c39e90264f33305004495a9","hash":"3dfa4e4d290c997856d103fa1a356455c1b56845"}
,"/Users/vijayreddy/Documents/projects/freelance/fuel-app/rocky/fuel-app-backend/routes/quote.js": {"path":"/Users/vijayreddy/Documents/projects/freelance/fuel-app/rocky/fuel-app-backend/routes/quote.js","statementMap":{"0":{"start":{"line":1,"column":15},"end":{"line":1,"column":42}},"1":{"start":{"line":2,"column":23},"end":{"line":2,"column":38}},"2":{"start":{"line":3,"column":15},"end":{"line":3,"column":35}},"3":{"start":{"line":4,"column":16},"end":{"line":4,"column":35}},"4":{"start":{"line":6,"column":23},"end":{"line":6,"column":25}},"5":{"start":{"line":8,"column":0},"end":{"line":16,"column":2}},"6":{"start":{"line":9,"column":4},"end":{"line":15,"column":5}},"7":{"start":{"line":10,"column":21},"end":{"line":10,"column":37}},"8":{"start":{"line":11,"column":8},"end":{"line":11,"column":45}},"9":{"start":{"line":14,"column":8},"end":{"line":14,"column":17}},"10":{"start":{"line":18,"column":0},"end":{"line":32,"column":2}},"11":{"start":{"line":19,"column":4},"end":{"line":31,"column":5}},"12":{"start":{"line":20,"column":21},"end":{"line":20,"column":37}},"13":{"start":{"line":21,"column":19},"end":{"line":21,"column":31}},"14":{"start":{"line":22,"column":8},"end":{"line":23,"column":65}},"15":{"start":{"line":23,"column":12},"end":{"line":23,"column":65}},"16":{"start":{"line":25,"column":8},"end":{"line":26,"column":70}},"17":{"start":{"line":26,"column":12},"end":{"line":26,"column":70}},"18":{"start":{"line":28,"column":8},"end":{"line":28,"column":48}},"19":{"start":{"line":30,"column":8},"end":{"line":30,"column":19}},"20":{"start":{"line":34,"column":0},"end":{"line":64,"column":2}},"21":{"start":{"line":35,"column":4},"end":{"line":63,"column":5}},"22":{"start":{"line":36,"column":21},"end":{"line":36,"column":37}},"23":{"start":{"line":37,"column":19},"end":{"line":37,"column":27}},"24":{"start":{"line":39,"column":49},"end":{"line":39,"column":57}},"25":{"start":{"line":40,"column":8},"end":{"line":41,"column":75}},"26":{"start":{"line":41,"column":12},"end":{"line":41,"column":75}},"27":{"start":{"line":43,"column":8},"end":{"line":44,"column":77}},"28":{"start":{"line":44,"column":12},"end":{"line":44,"column":77}},"29":{"start":{"line":46,"column":8},"end":{"line":46,"column":39}},"30":{"start":{"line":47,"column":8},"end":{"line":47,"column":53}},"31":{"start":{"line":49,"column":8},"end":{"line":49,"column":24}},"32":{"start":{"line":50,"column":8},"end":{"line":57,"column":9}},"33":{"start":{"line":59,"column":8},"end":{"line":59,"column":48}},"34":{"start":{"line":62,"column":8},"end":{"line":62,"column":19}},"35":{"start":{"line":66,"column":0},"end":{"line":66,"column":24}}},"fnMap":{"0":{"name":"(anonymous_0)","decl":{"start":{"line":8,"column":23},"end":{"line":8,"column":24}},"loc":{"start":{"line":8,"column":43},"end":{"line":16,"column":1}},"line":8},"1":{"name":"(anonymous_1)","decl":{"start":{"line":18,"column":16},"end":{"line":18,"column":17}},"loc":{"start":{"line":18,"column":36},"end":{"line":32,"column":1}},"line":18},"2":{"name":"(anonymous_2)","decl":{"start":{"line":34,"column":17},"end":{"line":34,"column":18}},"loc":{"start":{"line":34,"column":37},"end":{"line":64,"column":1}},"line":34}},"branchMap":{"0":{"loc":{"start":{"line":22,"column":8},"end":{"line":23,"column":65}},"type":"if","locations":[{"start":{"line":22,"column":8},"end":{"line":23,"column":65}},{"start":{},"end":{}}],"line":22},"1":{"loc":{"start":{"line":25,"column":8},"end":{"line":26,"column":70}},"type":"if","locations":[{"start":{"line":25,"column":8},"end":{"line":26,"column":70}},{"start":{},"end":{}}],"line":25},"2":{"loc":{"start":{"line":40,"column":8},"end":{"line":41,"column":75}},"type":"if","locations":[{"start":{"line":40,"column":8},"end":{"line":41,"column":75}},{"start":{},"end":{}}],"line":40},"3":{"loc":{"start":{"line":40,"column":14},"end":{"line":40,"column":46}},"type":"binary-expr","locations":[{"start":{"line":40,"column":14},"end":{"line":40,"column":30}},{"start":{"line":40,"column":34},"end":{"line":40,"column":46}}],"line":40},"4":{"loc":{"start":{"line":43,"column":8},"end":{"line":44,"column":77}},"type":"if","locations":[{"start":{"line":43,"column":8},"end":{"line":44,"column":77}},{"start":{},"end":{}}],"line":43}},"s":{"0":1,"1":1,"2":1,"3":1,"4":1,"5":1,"6":1,"7":1,"8":1,"9":0,"10":1,"11":1,"12":1,"13":1,"14":1,"15":0,"16":1,"17":0,"18":1,"19":0,"20":1,"21":1,"22":1,"23":1,"24":1,"25":1,"26":0,"27":1,"28":0,"29":1,"30":1,"31":1,"32":1,"33":1,"34":0,"35":1},"f":{"0":1,"1":1,"2":1},"b":{"0":[0,1],"1":[0,1],"2":[0,1],"3":[1,1],"4":[0,1]},"_coverageSchema":"1a1c01bbd47fc00a2c39e90264f33305004495a9","hash":"b3ed8be2ff7116ee0d3c4c93471816bfbacb7430"}
}
