TN:
SF:helper.js
FN:4,(anonymous_0)
FN:10,(anonymous_1)
FN:14,(anonymous_2)
FN:26,(anonymous_3)
FN:42,(anonymous_4)
FNF:5
FNH:4
FNDA:1,(anonymous_0)
FNDA:6,(anonymous_1)
FNDA:6,(anonymous_2)
FNDA:0,(anonymous_3)
FNDA:8,(anonymous_4)
DA:1,1
DA:2,1
DA:4,1
DA:5,1
DA:10,1
DA:11,6
DA:12,6
DA:13,6
DA:14,6
DA:15,6
DA:16,0
DA:17,0
DA:19,6
DA:20,6
DA:21,6
DA:22,6
DA:26,1
DA:27,0
DA:28,0
DA:29,0
DA:30,0
DA:31,0
DA:32,0
DA:33,0
DA:37,0
DA:38,0
DA:39,0
DA:42,1
DA:43,8
DA:44,8
DA:45,8
DA:49,8
DA:50,8
DA:51,8
DA:54,1
LF:35
LH:23
BRDA:4,0,0,1
BRDA:12,1,0,6
BRDA:12,1,1,0
BRDA:13,2,0,0
BRDA:13,2,1,6
BRDA:15,3,0,0
BRDA:15,3,1,6
BRDA:16,4,0,0
BRDA:16,4,1,0
BRDA:27,5,0,0
BRDA:27,5,1,0
BRDA:28,6,0,0
BRDA:28,6,1,0
BRDA:30,7,0,0
BRDA:30,7,1,0
BRDA:32,8,0,0
BRDA:32,8,1,0
BRDA:43,9,0,8
BRDA:43,9,1,8
BRDA:44,10,0,0
BRDA:44,10,1,8
BRF:21
BRH:7
end_of_record
TN:
SF:index.js
FN:20,(anonymous_0)
FN:24,(anonymous_1)
FN:29,(anonymous_2)
FNF:3
FNH:1
FNDA:0,(anonymous_0)
FNDA:0,(anonymous_1)
FNDA:1,(anonymous_2)
DA:1,1
DA:2,1
DA:3,1
DA:4,1
DA:5,1
DA:6,1
DA:7,1
DA:9,1
DA:10,1
DA:11,1
DA:12,1
DA:15,1
DA:16,1
DA:17,1
DA:20,1
DA:21,0
DA:24,1
DA:25,0
DA:26,0
DA:29,1
DA:30,1
DA:33,1
LF:22
LH:19
BRDA:25,0,0,0
BRDA:25,0,1,0
BRDA:26,1,0,0
BRDA:26,1,1,0
BRF:4
BRH:0
end_of_record
TN:
SF:users.js
FNF:0
FNH:0
DA:1,1
DA:2,1
LF:2
LH:2
BRF:0
BRH:0
end_of_record
TN:
SF:routes/auth.js
FN:7,(anonymous_0)
FN:24,(anonymous_1)
FNF:2
FNH:2
FNDA:1,(anonymous_0)
FNDA:1,(anonymous_1)
DA:1,1
DA:2,1
DA:3,1
DA:4,1
DA:5,1
DA:7,1
DA:8,1
DA:9,1
DA:10,1
DA:11,1
DA:12,0
DA:13,1
DA:14,1
DA:15,1
DA:16,1
DA:20,0
DA:24,1
DA:25,1
DA:26,1
DA:27,1
DA:28,0
DA:29,1
DA:30,1
DA:31,0
DA:32,1
DA:33,1
DA:34,1
DA:35,1
DA:37,0
DA:41,0
DA:45,1
LF:31
LH:25
BRDA:11,0,0,0
BRDA:11,0,1,1
BRDA:27,1,0,0
BRDA:27,1,1,1
BRDA:30,2,0,0
BRDA:30,2,1,1
BRDA:33,3,0,1
BRDA:33,3,1,0
BRF:8
BRH:4
end_of_record
TN:
SF:routes/profile.js
FN:5,(anonymous_0)
FN:15,(anonymous_1)
FN:51,(anonymous_2)
FNF:3
FNH:3
FNDA:1,(anonymous_0)
FNDA:1,(anonymous_1)
FNDA:1,(anonymous_2)
DA:1,1
DA:2,1
DA:3,1
DA:5,1
DA:6,1
DA:7,1
DA:8,1
DA:11,0
DA:15,1
DA:16,1
DA:18,1
DA:26,1
DA:28,1
DA:29,0
DA:31,1
DA:32,0
DA:34,1
DA:44,1
DA:47,0
DA:51,1
DA:52,1
DA:54,1
DA:62,1
DA:63,1
DA:65,1
DA:66,1
DA:67,1
DA:68,0
DA:69,1
DA:70,0
DA:71,1
DA:72,0
DA:73,1
DA:74,0
DA:75,1
DA:76,1
DA:77,0
DA:78,1
DA:80,1
DA:83,0
DA:87,1
LF:41
LH:31
BRDA:28,0,0,0
BRDA:28,0,1,1
BRDA:28,1,0,1
BRDA:28,1,1,1
BRDA:28,1,2,1
BRDA:28,1,3,1
BRDA:28,1,4,1
BRDA:31,2,0,0
BRDA:31,2,1,1
BRDA:65,3,0,1
BRDA:65,3,1,0
BRDA:67,4,0,0
BRDA:67,4,1,1
BRDA:69,5,0,0
BRDA:69,5,1,1
BRDA:71,6,0,0
BRDA:71,6,1,1
BRDA:73,7,0,0
BRDA:73,7,1,1
BRDA:75,8,0,1
BRDA:75,8,1,0
BRDA:76,9,0,0
BRDA:76,9,1,1
BRF:23
BRH:14
end_of_record
TN:
SF:routes/quote.js
FN:8,(anonymous_0)
FN:18,(anonymous_1)
FN:34,(anonymous_2)
FNF:3
FNH:3
FNDA:1,(anonymous_0)
FNDA:1,(anonymous_1)
FNDA:1,(anonymous_2)
DA:1,1
DA:2,1
DA:3,1
DA:4,1
DA:6,1
DA:8,1
DA:9,1
DA:10,1
DA:11,1
DA:14,0
DA:18,1
DA:19,1
DA:20,1
DA:21,1
DA:22,1
DA:23,0
DA:25,1
DA:26,0
DA:28,1
DA:30,0
DA:34,1
DA:35,1
DA:36,1
DA:37,1
DA:39,1
DA:40,1
DA:41,0
DA:43,1
DA:44,0
DA:46,1
DA:47,1
DA:49,1
DA:50,1
DA:59,1
DA:62,0
DA:66,1
LF:36
LH:29
BRDA:22,0,0,0
BRDA:22,0,1,1
BRDA:25,1,0,0
BRDA:25,1,1,1
BRDA:40,2,0,0
BRDA:40,2,1,1
BRDA:40,3,0,1
BRDA:40,3,1,1
BRDA:43,4,0,0
BRDA:43,4,1,1
BRF:10
BRH:6
end_of_record
